<?xml version="1.0" encoding="UTF-8"?>
<!-- Generated by org.testng.reporters.JUnitReportReporter -->
<testsuite hostname="rajnishatrismbp.lan" failures="0" tests="3" name="DataproviderPractice" time="0.017" errors="0" timestamp="2025-08-22T05:40:58 CDT" skipped="0">
  <testcase classname="DataproviderPractice" name="login" time="0.010"/>
  <testcase classname="DataproviderPractice" name="login" time="0.002"/>
  <testcase classname="DataproviderPractice" name="login" time="0.005"/>
</testsuite> <!-- DataproviderPractice -->
