<?xml version="1.0" encoding="UTF-8"?>
<!-- Generated by org.testng.reporters.JUnitReportReporter -->
<testsuite hostname="rajnishatrismbp.lan" failures="0" tests="1" name="Practiceclass" time="0.013" errors="0" timestamp="2025-08-20T07:27:14 CDT" skipped="0">
  <testcase classname="Practiceclass" name="practice" time="0.013"/>
</testsuite> <!-- Practiceclass -->
