<?xml version="1.0" encoding="UTF-8"?>
<!-- Generated by org.testng.reporters.JUnitReportReporter -->
<testsuite hostname="rajnishatrismbp.lan" failures="0" tests="1" name="com.ninza.crm.producttest.copy2.CreateProductTest" time="46.487" errors="0" timestamp="2025-09-10T09:22:32 CDT" skipped="0">
  <testcase classname="com.ninza.crm.producttest.copy2.CreateProductTest" name="reateProductWithMandatoryFieldTest" time="46.487"/>
</testsuite> <!-- com.ninza.crm.producttest.copy2.CreateProductTest -->
